<?xml version="1.0" encoding="UTF-8"?>
<testsuite xmlns:xsi="http://www.w3.org/2001/XMLSchema-instance" xsi:noNamespaceSchemaLocation="https://maven.apache.org/surefire/maven-surefire-plugin/xsd/surefire-test-report-3.0.xsd" version="3.0" name="com.hbust.LogTest" time="0.296" tests="1" errors="0" skipped="0" failures="0">
  <properties>
[...]
</properties>
  <testcase name="testLog" classname="com.hbust.LogTest" time="0.003">
    <system-out><![CDATA[2026-05-03 16:16:48.501 [main] INFO  com.hbust.LogTest-计算结果为：101
]]></system-out>
  </testcase>
</testsuite>