<?xml version="1.0" encoding="UTF-8"?>
<testsuite xmlns:xsi="http://www.w3.org/2001/XMLSchema-instance" xsi:noNamespaceSchemaLocation="https://maven.apache.org/surefire/maven-surefire-plugin/xsd/surefire-test-report-3.0.xsd" version="3.0" name="com.hbust.UUIDTest" time="0.016" tests="1" errors="0" skipped="0" failures="0">
  <properties>
[...]
</properties>
  <testcase name="testUuid" classname="com.hbust.UUIDTest" time="0.01">
    <system-out><![CDATA[55de5e11-eb75-4331-8911-53dc46d16e37
6fe07ac0-6ec6-4653-addb-4c361396e8e0
84557734-5504-4e66-8bad-d5936bddfd63
c7cc921a-ccde-4701-a881-67ef45ea86c7
8acdf602-85ab-4d6b-b48a-da216e789c8b
d689e21b-d7af-4988-b05c-3fe7068d2304
a311b83e-69bd-4a57-8fe7-a2ccc65034d9
14a96479-fa89-4348-a544-6d341e0e7e8e
e8cadd4c-91ca-4fbe-b029-a2cc3bc8e90c
d2c979fa-c5b7-4531-8272-271d0c7cc181
9554078c-a23f-4aa1-8534-5a0cae453e5b
52d6f44b-ef1b-4aab-9e97-fd94b892a32f
323bc7b9-3c54-4efa-8fda-3e171547dd4d
5a1704ff-faf4-4713-a30a-e51835a56254
3756ae1e-6f1c-4d66-81b6-cf55bf4778b6
ac35a8e4-3e55-4a86-9031-50b3bba157a8
20b0415b-1113-484a-b79d-11653859c41e
09b6959e-4be4-4f83-a877-e5f7dd223c03
6a79e218-8637-48b6-ad6b-5918f27607ff
fa8d084d-6359-4a2a-9db6-aa60963df556
42d1be60-7b6a-423e-9947-d3261a0c8391
cc17ea92-4b8d-4514-8fed-e9cfe99a9c78
341d75fa-50ad-4ee9-92aa-a618babdf4ec
ce04a470-ee9a-4657-b642-a9b98b1294e7
f2a48911-d3e4-4120-a1c0-7938c79ae478
145b243f-e4cd-4f7e-b4fe-9a09dc39bc61
d8fe3788-b9cb-4af1-9be6-eab6f51ef4ee
b398a5cf-49a5-4055-81e7-13a8b33f890e
635bd32b-08ac-4c0c-a1f4-40b0fd060cbb
7455be0c-01c6-4b2d-9654-0d75b8817169
7db3bced-a121-40b7-b2b0-b23607ec2085
6c8c3139-5de4-4dc2-b7a8-691223e23cfc
8c184338-c551-419a-aac6-b6c7e543bf48
0237ad25-6332-4c37-a764-0fe86ab1dfad
17b93198-cf4b-4bc8-8040-3af6f4a87145
5663d8d0-4a1a-4eed-894f-4196bb0868d8
ebef876a-d3c1-486d-9011-1e5debcdca22
736fac96-9f13-4b6d-b048-0f34185b8245
ab05ace7-5f36-4df1-8e36-6d250f3178ea
dc652eca-6b9a-47d6-bae7-140a336f9c7e
3fee24a1-fc1a-45d5-8217-5132830fc50f
0ac0ba7c-341e-4f6c-bf60-2342050a9152
4d9f4153-fdaa-4cbd-b6e7-6e7c40bbb7f6
6998a930-15b5-4135-8ab3-8cd6bcf5f580
abeab08f-6e26-445f-a9b4-40b97a3a27ef
d206f0dc-18d6-4330-827b-a38c63834d6b
7d29e93b-ec07-4f8f-bd2d-581e1771c049
0482f894-6d62-49a4-9557-01b43de9d081
540d0671-5552-458e-8168-ed0b47798575
a2e1608c-3506-4683-963b-5a0e058b27a4
8f519533-0de7-4226-8991-35e8846f625d
2ff6c92e-bea8-426d-8889-793ce9da3bc0
54bf0a5f-1952-4994-a583-d6505561d661
b952cceb-1207-428a-abda-73cae423c245
dc6593d5-6397-41e9-ae0e-51b6a16784c4
258b3b52-5367-49c5-bf83-f722e49134c1
ad579874-3548-49eb-bd3d-dca65055bbe4
dc100674-b4a7-4373-8192-cd6d694d5639
c96addb9-ef9f-4044-a3da-396aa6e14e20
a6717041-f0d2-47e1-819e-66c26d173e13
bdf363d8-f37c-42fe-8f4f-799fb688cf41
75f74244-5efe-43dd-b4bd-33418849bf64
1f5f4c54-ad7e-4601-8bf7-c93e49e3e85a
82c9d867-0f51-436b-92cc-6bfd9e661fc5
c9377720-7798-4d99-9296-04de3e9f0372
44eaea34-7c1d-4ccd-9aa3-bd4da2b37e2a
7a6c209e-898a-4dfd-b19f-658dbfc56fc9
61e12193-04be-4700-a796-4ee0339bce00
49fefd0d-4773-41b9-96ae-76e43f5f73ee
7589e7cf-54ce-442f-84b6-925e621108e5
f6f85dad-dd33-448d-b9c2-a60b10177e53
1c91b86e-eabe-4022-8bf3-f02d3e464baa
bf02e4e4-990f-44cd-81b5-c50ff603ae3f
84dd8d1e-6348-41e7-b4b9-34e5717ebffa
5e564fe4-8fa5-4767-8af7-4d4fdee700ce
669fc667-149f-4387-8736-7990d8696860
396cf377-18fc-4854-aa6c-2c1aff80de06
6a0cc305-2789-41c7-8fd1-127c095702f4
ae86cb2f-9e0b-4c26-ac39-3a3645535468
1b3c7aaa-a48a-4f38-a59f-f14ddd6e296f
76ae9081-48a8-4052-af22-391768af5604
075bace3-b44a-40f6-92ba-9e1693407c02
e530adaf-9f97-47c3-b6df-20022f07de7b
674c2955-f5ee-455a-bfbe-a12be9fe9b9b
c3908db3-46ec-402e-a43a-4a2cefbbbedd
a6b713c1-3541-463f-841b-f881a4dce0bd
b5404628-b1b0-47e3-8262-c3b70515f661
3fc499bf-88a8-49f5-9f8a-72630cb860a7
c561366c-fb76-4a02-9c25-dad3626dc739
27db7ac1-c56d-4351-9a02-56d260012c5b
ffd0ab07-0053-4412-91d5-7a74f086183c
467d3a2d-f109-45e5-b0e6-bfd646fa9283
c888cd93-105c-4e85-ae13-b18a0e1c5329
7a2e0081-4259-451c-b87a-dde57b08e2f8
85cb188a-7b05-42a0-8573-5c830c414df8
4deb872f-5ec3-4a82-a414-d21013c3be63
bb6e8d60-f4ce-44b9-8f01-a20fc165849e
f0810268-6573-4a98-bf22-87612ac1e274
d87ded0a-31aa-4b47-9656-7e3d32d40f31
281d9d89-4bf6-42b1-8a04-6af73ca449ed
]]></system-out>
  </testcase>
</testsuite>